<?xml version="1.0" encoding="UTF-8"?>
<!-- Generated by org.testng.reporters.JUnitReportReporter -->
<testsuite hostname="LAPTOP-AG5AQ5SQ" failures="0" tests="1" name="com.crm.generic.baseutility.BaseClass" time="0.009" errors="0" timestamp="06 Aug 2024 05:02:09 GMT" skipped="0">
  <testcase classname="com.crm.generic.baseutility.BaseClass" name="createContact" time="0.009"/>
</testsuite> <!-- com.crm.generic.baseutility.BaseClass -->
