<?xml version="1.0" encoding="UTF-8"?>
<!-- Generated by org.testng.reporters.JUnitReportReporter -->
<testsuite hostname="LAPTOP-AG5AQ5SQ" failures="0" tests="1" name="com.comcast.crm.multiplecontacttest.MultipleContactTest" time="16.264" errors="0" timestamp="20 Aug 2024 05:39:25 GMT" skipped="0">
  <testcase classname="com.comcast.crm.multiplecontacttest.MultipleContactTest" name="createContactTest" time="16.264"/>
</testsuite> <!-- com.comcast.crm.multiplecontacttest.MultipleContactTest -->
