<?xml version="1.0" encoding="UTF-8"?>
<!-- Generated by org.testng.reporters.JUnitReportReporter -->
<testsuite hostname="LAPTOP-AG5AQ5SQ" failures="0" tests="3" name="com.comcast.crm.orgtest.MultipleTestScript" time="51.075" errors="0" timestamp="07 Aug 2024 07:30:03 GMT" skipped="0">
  <testcase classname="com.comcast.crm.orgtest.MultipleTestScript" name="createOrganizationTest" time="17.278"/>
  <testcase classname="com.comcast.crm.orgtest.MultipleTestScript" name="deleteOraganizationTest" time="19.852"/>
  <testcase classname="com.comcast.crm.orgtest.MultipleTestScript" name="createOrganizationWithIndustriesTest" time="13.945"/>
</testsuite> <!-- com.comcast.crm.orgtest.MultipleTestScript -->
