<?xml version="1.0" encoding="UTF-8"?>
<!-- Generated by org.testng.reporters.JUnitReportReporter -->
<testsuite hostname="LAPTOP-AG5AQ5SQ" failures="0" tests="1" name="practise.test.SimpleTestForScreenshot" time="4.990" errors="0" timestamp="12 Aug 2024 07:30:21 GMT" skipped="0">
  <testcase classname="practise.test.SimpleTestForScreenshot" name="amazonTest" time="4.990"/>
</testsuite> <!-- practise.test.SimpleTestForScreenshot -->
