<?xml version="1.0" encoding="UTF-8"?>
<!-- Generated by org.testng.reporters.JUnitReportReporter -->
<testsuite hostname="LAPTOP-AG5AQ5SQ" failures="0" tests="1" name="com.comcast.crm.multipleorgtest.MultipleOrganizationTest" time="14.268" errors="0" timestamp="22 Aug 2024 05:44:42 GMT" skipped="0">
  <testcase classname="com.comcast.crm.multipleorgtest.MultipleOrganizationTest" name="createOrganizationTest" time="14.268"/>
</testsuite> <!-- com.comcast.crm.multipleorgtest.MultipleOrganizationTest -->
