<?xml version="1.0" encoding="UTF-8"?>
<!-- Generated by org.testng.reporters.JUnitReportReporter -->
<testsuite hostname="LAPTOP-AG5AQ5SQ" failures="0" tests="1" name="com.comcast.crm.contacttest.CreateContactWithOrgTest" time="25.069" errors="0" timestamp="06 Aug 2024 11:16:11 GMT" skipped="0">
  <testcase classname="com.comcast.crm.contacttest.CreateContactWithOrgTest" name="createContactWithOrgTest" time="25.069"/>
</testsuite> <!-- com.comcast.crm.contacttest.CreateContactWithOrgTest -->
