<?xml version="1.0" encoding="UTF-8"?>
<!-- Generated by org.testng.reporters.JUnitReportReporter -->
<testsuite hostname="LAPTOP-AG5AQ5SQ" failures="0" tests="3" name="practise.test.DataProviderTest" time="22.247" errors="0" timestamp="14 Aug 2024 07:40:57 GMT" skipped="0">
  <testcase classname="practise.test.DataProviderTest" name="getPinfoTest" time="7.543"/>
  <testcase classname="practise.test.DataProviderTest" name="getPinfoTest" time="7.829"/>
  <testcase classname="practise.test.DataProviderTest" name="getPinfoTest" time="6.875"/>
</testsuite> <!-- practise.test.DataProviderTest -->
