<?xml version="1.0" encoding="UTF-8"?>
<!-- Generated by org.testng.reporters.JUnitReportReporter -->
<testsuite hostname="LAPTOP-AG5AQ5SQ" failures="0" tests="3" name="practise.test.GetProductInfoTest" time="21.353" errors="0" timestamp="02 Aug 2024 05:49:07 GMT" skipped="0">
  <testcase classname="practise.test.GetProductInfoTest" name="getProductInfoTest" time="7.639"/>
  <testcase classname="practise.test.GetProductInfoTest" name="getProductInfoTest" time="6.452"/>
  <testcase classname="practise.test.GetProductInfoTest" name="getProductInfoTest" time="7.262"/>
</testsuite> <!-- practise.test.GetProductInfoTest -->
