<?xml version="1.0" encoding="UTF-8"?>
<!-- Generated by org.testng.reporters.JUnitReportReporter -->
<testsuite hostname="LAPTOP-AG5AQ5SQ" failures="0" tests="1" name="com.comcast.crm.contacttest.CreateContactTest" time="18.177" errors="0" timestamp="2024-08-30T10:29:44 IST" skipped="0">
  <testcase classname="com.comcast.crm.contacttest.CreateContactTest" name="createContactTest" time="18.177"/>
  <system-out/>
</testsuite> <!-- com.comcast.crm.contacttest.CreateContactTest -->
