<?xml version="1.0" encoding="UTF-8"?>
<!-- Generated by org.testng.reporters.JUnitReportReporter -->
<testsuite hostname="LAPTOP-AG5AQ5SQ" failures="0" tests="1" name="com.comcast.crm.multiplecontacttest.MultipleContactTest" time="16.436" errors="0" timestamp="2024-08-30T15:07:00 IST" skipped="0">
  <testcase classname="com.comcast.crm.multiplecontacttest.MultipleContactTest" name="createContactTest" time="16.436"/>
  <system-out/>
</testsuite> <!-- com.comcast.crm.multiplecontacttest.MultipleContactTest -->
